{"/Users/vishal/code/react-accelerator/src/components/clientDetails/ClientDetails.tsx": {"path":"/Users/vishal/code/react-accelerator/src/components/clientDetails/ClientDetails.tsx","statementMap":{"0":{"start":{"line":6,"column":48},"end":{"line":49,"column":1}},"1":{"start":{"line":14,"column":2},"end":{"line":48,"column":4}}},"fnMap":{"0":{"name":"(anonymous_0)","decl":{"start":{"line":6,"column":48},"end":{"line":6,"column":49}},"loc":{"start":{"line":13,"column":6},"end":{"line":49,"column":1}},"line":13}},"branchMap":{"0":{"loc":{"start":{"line":38,"column":14},"end":{"line":38,"column":55}},"type":"cond-expr","locations":[{"start":{"line":38,"column":41},"end":{"line":38,"column":47}},{"start":{"line":38,"column":50},"end":{"line":38,"column":55}}],"line":38}},"s":{"0":2,"1":2},"f":{"0":2},"b":{"0":[1,1]},"_coverageSchema":"43e27e138ebf9cfc5966b082cf9a028302ed4184","hash":"1cc68d9dcf95397f0f8d3d4048bf335334121854"}
,"/Users/vishal/code/react-accelerator/src/components/clientSummary/ClientSummary.tsx": {"path":"/Users/vishal/code/react-accelerator/src/components/clientSummary/ClientSummary.tsx","statementMap":{"0":{"start":{"line":8,"column":29},"end":{"line":40,"column":1}},"1":{"start":{"line":9,"column":37},"end":{"line":9,"column":42}},"2":{"start":{"line":11,"column":2},"end":{"line":16,"column":4}},"3":{"start":{"line":13,"column":6},"end":{"line":13,"column":31}},"4":{"start":{"line":25,"column":6},"end":{"line":25,"column":25}},"5":{"start":{"line":27,"column":2},"end":{"line":39,"column":4}},"6":{"start":{"line":46,"column":24},"end":{"line":48,"column":2}},"7":{"start":{"line":46,"column":64},"end":{"line":48,"column":1}},"8":{"start":{"line":54,"column":27},"end":{"line":60,"column":1}},"9":{"start":{"line":55,"column":2},"end":{"line":59,"column":4}},"10":{"start":{"line":57,"column":6},"end":{"line":57,"column":41}}},"fnMap":{"0":{"name":"(anonymous_0)","decl":{"start":{"line":8,"column":29},"end":{"line":8,"column":30}},"loc":{"start":{"line":8,"column":45},"end":{"line":40,"column":1}},"line":8},"1":{"name":"(anonymous_1)","decl":{"start":{"line":12,"column":4},"end":{"line":12,"column":5}},"loc":{"start":{"line":12,"column":10},"end":{"line":14,"column":5}},"line":12},"2":{"name":"(anonymous_2)","decl":{"start":{"line":46,"column":24},"end":{"line":46,"column":25}},"loc":{"start":{"line":46,"column":64},"end":{"line":48,"column":1}},"line":46},"3":{"name":"(anonymous_3)","decl":{"start":{"line":54,"column":27},"end":{"line":54,"column":28}},"loc":{"start":{"line":54,"column":76},"end":{"line":60,"column":1}},"line":54},"4":{"name":"(anonymous_4)","decl":{"start":{"line":56,"column":28},"end":{"line":56,"column":29}},"loc":{"start":{"line":56,"column":34},"end":{"line":58,"column":5}},"line":56}},"branchMap":{},"s":{"0":1,"1":0,"2":0,"3":0,"4":0,"5":0,"6":1,"7":0,"8":1,"9":0,"10":0},"f":{"0":0,"1":0,"2":0,"3":0,"4":0},"b":{},"_coverageSchema":"43e27e138ebf9cfc5966b082cf9a028302ed4184","hash":"5c5f94505ac4aca969d464e6647d26c30aa27ae6"}
,"/Users/vishal/code/react-accelerator/src/store/action/clientSummaryAction.ts": {"path":"/Users/vishal/code/react-accelerator/src/store/action/clientSummaryAction.ts","statementMap":{"0":{"start":{"line":10,"column":38},"end":{"line":21,"column":1}},"1":{"start":{"line":10,"column":44},"end":{"line":21,"column":1}},"2":{"start":{"line":11,"column":2},"end":{"line":11,"column":35}},"3":{"start":{"line":13,"column":2},"end":{"line":20,"column":4}},"4":{"start":{"line":15,"column":6},"end":{"line":15,"column":50}},"5":{"start":{"line":18,"column":6},"end":{"line":18,"column":51}}},"fnMap":{"0":{"name":"(anonymous_0)","decl":{"start":{"line":10,"column":38},"end":{"line":10,"column":39}},"loc":{"start":{"line":10,"column":44},"end":{"line":21,"column":1}},"line":10},"1":{"name":"(anonymous_1)","decl":{"start":{"line":10,"column":44},"end":{"line":10,"column":45}},"loc":{"start":{"line":10,"column":68},"end":{"line":21,"column":1}},"line":10},"2":{"name":"(anonymous_2)","decl":{"start":{"line":14,"column":4},"end":{"line":14,"column":5}},"loc":{"start":{"line":14,"column":35},"end":{"line":16,"column":5}},"line":14},"3":{"name":"(anonymous_3)","decl":{"start":{"line":17,"column":4},"end":{"line":17,"column":5}},"loc":{"start":{"line":17,"column":22},"end":{"line":19,"column":5}},"line":17}},"branchMap":{},"s":{"0":1,"1":0,"2":0,"3":0,"4":0,"5":0},"f":{"0":0,"1":0,"2":0,"3":0},"b":{},"_coverageSchema":"43e27e138ebf9cfc5966b082cf9a028302ed4184","hash":"3f368addfb33036db358e58545088b5ed649f305"}
,"/Users/vishal/code/react-accelerator/src/store/action/constants/actionConstants.ts": {"path":"/Users/vishal/code/react-accelerator/src/store/action/constants/actionConstants.ts","statementMap":{"0":{"start":{"line":3,"column":38},"end":{"line":3,"column":62}},"1":{"start":{"line":4,"column":38},"end":{"line":4,"column":62}},"2":{"start":{"line":5,"column":38},"end":{"line":5,"column":62}}},"fnMap":{},"branchMap":{},"s":{"0":2,"1":2,"2":2},"f":{},"b":{},"_coverageSchema":"43e27e138ebf9cfc5966b082cf9a028302ed4184","hash":"b32b9075d2bd701e22da702282d5566d9c0e1d2a"}
,"/Users/vishal/code/react-accelerator/src/store/action/creator/clientSummaryCreator.ts": {"path":"/Users/vishal/code/react-accelerator/src/store/action/creator/clientSummaryCreator.ts","statementMap":{"0":{"start":{"line":14,"column":36},"end":{"line":15,"column":39}},"1":{"start":{"line":15,"column":2},"end":{"line":15,"column":39}},"2":{"start":{"line":17,"column":36},"end":{"line":18,"column":48}},"3":{"start":{"line":18,"column":2},"end":{"line":18,"column":48}},"4":{"start":{"line":20,"column":36},"end":{"line":21,"column":46}},"5":{"start":{"line":21,"column":2},"end":{"line":21,"column":46}}},"fnMap":{"0":{"name":"(anonymous_0)","decl":{"start":{"line":14,"column":36},"end":{"line":14,"column":37}},"loc":{"start":{"line":15,"column":2},"end":{"line":15,"column":39}},"line":15},"1":{"name":"(anonymous_1)","decl":{"start":{"line":17,"column":36},"end":{"line":17,"column":37}},"loc":{"start":{"line":18,"column":2},"end":{"line":18,"column":48}},"line":18},"2":{"name":"(anonymous_2)","decl":{"start":{"line":20,"column":36},"end":{"line":20,"column":37}},"loc":{"start":{"line":21,"column":2},"end":{"line":21,"column":46}},"line":21}},"branchMap":{},"s":{"0":2,"1":1,"2":2,"3":1,"4":2,"5":1},"f":{"0":1,"1":1,"2":1},"b":{},"_coverageSchema":"43e27e138ebf9cfc5966b082cf9a028302ed4184","hash":"68dd5a299514d26424f0a8aa19c55808f2a7808a"}
,"/Users/vishal/code/react-accelerator/src/store/action/creator/httpActionCreators.ts": {"path":"/Users/vishal/code/react-accelerator/src/store/action/creator/httpActionCreators.ts","statementMap":{"0":{"start":{"line":3,"column":29},"end":{"line":5,"column":1}},"1":{"start":{"line":4,"column":2},"end":{"line":4,"column":43}},"2":{"start":{"line":7,"column":29},"end":{"line":12,"column":1}},"3":{"start":{"line":8,"column":2},"end":{"line":11,"column":4}},"4":{"start":{"line":14,"column":29},"end":{"line":23,"column":1}},"5":{"start":{"line":15,"column":2},"end":{"line":22,"column":4}}},"fnMap":{"0":{"name":"(anonymous_0)","decl":{"start":{"line":3,"column":29},"end":{"line":3,"column":30}},"loc":{"start":{"line":3,"column":62},"end":{"line":5,"column":1}},"line":3},"1":{"name":"(anonymous_1)","decl":{"start":{"line":7,"column":29},"end":{"line":7,"column":30}},"loc":{"start":{"line":7,"column":76},"end":{"line":12,"column":1}},"line":7},"2":{"name":"(anonymous_2)","decl":{"start":{"line":14,"column":29},"end":{"line":14,"column":30}},"loc":{"start":{"line":14,"column":76},"end":{"line":23,"column":1}},"line":14}},"branchMap":{},"s":{"0":2,"1":1,"2":2,"3":1,"4":2,"5":1},"f":{"0":1,"1":1,"2":1},"b":{},"_coverageSchema":"43e27e138ebf9cfc5966b082cf9a028302ed4184","hash":"42d0df2b4f67cbaf9bf530de08c38f82f410c1cf"}
,"/Users/vishal/code/react-accelerator/src/store/reducers/clientSummaryReducer.ts": {"path":"/Users/vishal/code/react-accelerator/src/store/reducers/clientSummaryReducer.ts","statementMap":{"0":{"start":{"line":9,"column":55},"end":{"line":16,"column":1}},"1":{"start":{"line":18,"column":29},"end":{"line":32,"column":1}},"2":{"start":{"line":22,"column":2},"end":{"line":31,"column":3}},"3":{"start":{"line":24,"column":6},"end":{"line":24,"column":42}},"4":{"start":{"line":26,"column":6},"end":{"line":26,"column":42}},"5":{"start":{"line":28,"column":6},"end":{"line":28,"column":42}},"6":{"start":{"line":30,"column":6},"end":{"line":30,"column":19}}},"fnMap":{"0":{"name":"(anonymous_0)","decl":{"start":{"line":18,"column":29},"end":{"line":18,"column":30}},"loc":{"start":{"line":21,"column":10},"end":{"line":32,"column":1}},"line":21}},"branchMap":{"0":{"loc":{"start":{"line":19,"column":2},"end":{"line":19,"column":49}},"type":"default-arg","locations":[{"start":{"line":19,"column":31},"end":{"line":19,"column":49}}],"line":19},"1":{"loc":{"start":{"line":22,"column":2},"end":{"line":31,"column":3}},"type":"switch","locations":[{"start":{"line":23,"column":4},"end":{"line":24,"column":42}},{"start":{"line":25,"column":4},"end":{"line":26,"column":42}},{"start":{"line":27,"column":4},"end":{"line":28,"column":42}},{"start":{"line":29,"column":4},"end":{"line":30,"column":19}}],"line":22}},"s":{"0":0,"1":0,"2":0,"3":0,"4":0,"5":0,"6":0},"f":{"0":0},"b":{"0":[0],"1":[0,0,0,0]},"hash":"b9827be476a77bc2c9bfc30ef1c231d0260546c0"}
,"/Users/vishal/code/react-accelerator/src/utils/compose.ts": {"path":"/Users/vishal/code/react-accelerator/src/utils/compose.ts","statementMap":{"0":{"start":{"line":1,"column":23},"end":{"line":5,"column":3}},"1":{"start":{"line":1,"column":48},"end":{"line":5,"column":3}},"2":{"start":{"line":2,"column":2},"end":{"line":5,"column":3}},"3":{"start":{"line":3,"column":30},"end":{"line":3,"column":50}}},"fnMap":{"0":{"name":"(anonymous_0)","decl":{"start":{"line":1,"column":23},"end":{"line":1,"column":24}},"loc":{"start":{"line":1,"column":48},"end":{"line":5,"column":3}},"line":1},"1":{"name":"(anonymous_1)","decl":{"start":{"line":1,"column":48},"end":{"line":1,"column":49}},"loc":{"start":{"line":2,"column":2},"end":{"line":5,"column":3}},"line":2},"2":{"name":"(anonymous_2)","decl":{"start":{"line":3,"column":4},"end":{"line":3,"column":5}},"loc":{"start":{"line":3,"column":30},"end":{"line":3,"column":50}},"line":3}},"branchMap":{},"s":{"0":1,"1":2,"2":1,"3":2},"f":{"0":2,"1":1,"2":2},"b":{},"_coverageSchema":"43e27e138ebf9cfc5966b082cf9a028302ed4184","hash":"468a0c5374366d05ff3d924955052abbc03e1ef7"}
,"/Users/vishal/code/react-accelerator/src/utils/api/httpRequestHandler.ts": {"path":"/Users/vishal/code/react-accelerator/src/utils/api/httpRequestHandler.ts","statementMap":{"0":{"start":{"line":1,"column":19},"end":{"line":10,"column":1}},"1":{"start":{"line":2,"column":2},"end":{"line":9,"column":5}},"2":{"start":{"line":12,"column":34},"end":{"line":12,"column":48}}},"fnMap":{"0":{"name":"(anonymous_0)","decl":{"start":{"line":1,"column":19},"end":{"line":1,"column":20}},"loc":{"start":{"line":1,"column":36},"end":{"line":10,"column":1}},"line":1}},"branchMap":{},"s":{"0":1,"1":0,"2":1},"f":{"0":0},"b":{},"_coverageSchema":"43e27e138ebf9cfc5966b082cf9a028302ed4184","hash":"1de77643183037e28eb7936c6bc1df81a5c49f20"}
,"/Users/vishal/code/react-accelerator/src/utils/components/ErrorBoundary.tsx": {"path":"/Users/vishal/code/react-accelerator/src/utils/components/ErrorBoundary.tsx","statementMap":{"0":{"start":{"line":4,"column":10},"end":{"line":4,"column":29}},"1":{"start":{"line":7,"column":4},"end":{"line":7,"column":38}},"2":{"start":{"line":8,"column":4},"end":{"line":8,"column":29}},"3":{"start":{"line":12,"column":4},"end":{"line":14,"column":5}},"4":{"start":{"line":13,"column":6},"end":{"line":13,"column":44}},"5":{"start":{"line":15,"column":4},"end":{"line":15,"column":31}}},"fnMap":{"0":{"name":"(anonymous_0)","decl":{"start":{"line":6,"column":2},"end":{"line":6,"column":3}},"loc":{"start":{"line":6,"column":43},"end":{"line":9,"column":3}},"line":6},"1":{"name":"(anonymous_1)","decl":{"start":{"line":11,"column":2},"end":{"line":11,"column":3}},"loc":{"start":{"line":11,"column":11},"end":{"line":16,"column":3}},"line":11}},"branchMap":{"0":{"loc":{"start":{"line":12,"column":4},"end":{"line":14,"column":5}},"type":"if","locations":[{"start":{"line":12,"column":4},"end":{"line":14,"column":5}},{"start":{"line":12,"column":4},"end":{"line":14,"column":5}}],"line":12}},"s":{"0":0,"1":0,"2":0,"3":0,"4":0,"5":0},"f":{"0":0,"1":0},"b":{"0":[0,0]},"_coverageSchema":"43e27e138ebf9cfc5966b082cf9a028302ed4184","hash":"262702646f65baa90c05781755b498d00eb6fef8"}
,"/Users/vishal/code/react-accelerator/src/utils/components/ErrorBoundaryHoC.tsx": {"path":"/Users/vishal/code/react-accelerator/src/utils/components/ErrorBoundaryHoC.tsx","statementMap":{"0":{"start":{"line":4,"column":33},"end":{"line":14,"column":1}},"1":{"start":{"line":6,"column":18},"end":{"line":14,"column":1}},"2":{"start":{"line":7,"column":2},"end":{"line":13,"column":4}}},"fnMap":{"0":{"name":"(anonymous_0)","decl":{"start":{"line":4,"column":33},"end":{"line":4,"column":34}},"loc":{"start":{"line":6,"column":18},"end":{"line":14,"column":1}},"line":6},"1":{"name":"(anonymous_1)","decl":{"start":{"line":6,"column":18},"end":{"line":6,"column":19}},"loc":{"start":{"line":6,"column":27},"end":{"line":14,"column":1}},"line":6}},"branchMap":{},"s":{"0":2,"1":2,"2":0},"f":{"0":2,"1":0},"b":{},"_coverageSchema":"43e27e138ebf9cfc5966b082cf9a028302ed4184","hash":"7deb9a83db8d17486d6365cda94486ffe11dc5f0"}
,"/Users/vishal/code/react-accelerator/src/utils/testing/testing.tsx": {"path":"/Users/vishal/code/react-accelerator/src/utils/testing/testing.tsx","statementMap":{"0":{"start":{"line":5,"column":31},"end":{"line":8,"column":1}},"1":{"start":{"line":10,"column":29},"end":{"line":13,"column":1}}},"fnMap":{},"branchMap":{},"s":{"0":1,"1":1},"f":{},"b":{},"_coverageSchema":"43e27e138ebf9cfc5966b082cf9a028302ed4184","hash":"8e83ddaba4e2ec46822daca5b02fd88f429e3bdd"}
}
